# HELP smartmon_smartctl_version SMART metric smartctl_version
# TYPE smartmon_smartctl_version gauge
smartmon_smartctl_version{version="7.4"} 1
# HELP smartmon_available_spare_raw_value SMART metric available_spare_raw_value
# TYPE smartmon_available_spare_raw_value gauge
smartmon_available_spare_raw_value{disk="/dev/nvme0",type="nvme",smart_id="255"} 100
# HELP smartmon_available_spare_threshold SMART metric available_spare_threshold
# TYPE smartmon_available_spare_threshold gauge
smartmon_available_spare_threshold{disk="/dev/nvme0",type="nvme",smart_id="255"} 10
# HELP smartmon_controller_busy_time_raw_value SMART metric controller_busy_time_raw_value
# TYPE smartmon_controller_busy_time_raw_value gauge
smartmon_controller_busy_time_raw_value{disk="/dev/nvme0",type="nvme",smart_id="255"} 82
# HELP smartmon_data_units_written_raw_value SMART metric data_units_written_raw_value
# TYPE smartmon_data_units_written_raw_value gauge
smartmon_data_units_written_raw_value{disk="/dev/nvme0",type="nvme",smart_id="8"} 4042358
# HELP smartmon_device_active SMART metric device_active
# TYPE smartmon_device_active gauge
smartmon_device_active{disk="/dev/nvme0",type="nvme"} 1
# HELP smartmon_device_info SMART metric device_info
# TYPE smartmon_device_info gauge
smartmon_device_info{disk="/dev/nvme0",type="nvme",vendor="",product="",revision="",lun_id="",model_family="",device_model="",serial_number="23048U472208",firmware_version="731100WD"} 1
# HELP smartmon_device_smart_available SMART metric device_smart_available
# TYPE smartmon_device_smart_available gauge
smartmon_device_smart_available{disk="/dev/nvme0",type="nvme"} 0
# HELP smartmon_device_smart_enabled SMART metric device_smart_enabled
# TYPE smartmon_device_smart_enabled gauge
smartmon_device_smart_enabled{disk="/dev/nvme0",type="nvme"} 0
# HELP smartmon_device_smart_healthy SMART metric device_smart_healthy
# TYPE smartmon_device_smart_healthy gauge
smartmon_device_smart_healthy{disk="/dev/nvme0",type="nvme"} 1
# HELP smartmon_error_information_log_entries_raw_value SMART metric error_information_log_entries_raw_value
# TYPE smartmon_error_information_log_entries_raw_value gauge
smartmon_error_information_log_entries_raw_value{disk="/dev/nvme0",type="nvme",smart_id="255"} 0
# HELP smartmon_host_read_commands_raw_value SMART metric host_read_commands_raw_value
# TYPE smartmon_host_read_commands_raw_value gauge
smartmon_host_read_commands_raw_value{disk="/dev/nvme0",type="nvme",smart_id="255"} 23953180
# HELP smartmon_host_write_commands_raw_value SMART metric host_write_commands_raw_value
# TYPE smartmon_host_write_commands_raw_value gauge
smartmon_host_write_commands_raw_value{disk="/dev/nvme0",type="nvme",smart_id="255"} 52595138
# HELP smartmon_media_and_data_integrity_errors_count_raw_value SMART metric media_and_data_integrity_errors_count_raw_value
# TYPE smartmon_media_and_data_integrity_errors_count_raw_value gauge
smartmon_media_and_data_integrity_errors_count_raw_value{disk="/dev/nvme0",type="nvme",smart_id="255"} 0
# HELP smartmon_percentage_used_raw_value SMART metric percentage_used_raw_value
# TYPE smartmon_percentage_used_raw_value gauge
smartmon_percentage_used_raw_value{disk="/dev/nvme0",type="nvme",smart_id="255"} 0
# HELP smartmon_power_cycles_count_raw_value SMART metric power_cycles_count_raw_value
# TYPE smartmon_power_cycles_count_raw_value gauge
smartmon_power_cycles_count_raw_value{disk="/dev/nvme0",type="nvme",smart_id="255"} 1
# HELP smartmon_power_on_hours_raw_value SMART metric power_on_hours_raw_value
# TYPE smartmon_power_on_hours_raw_value gauge
smartmon_power_on_hours_raw_value{disk="/dev/nvme0",type="nvme",smart_id="9"} 73
# HELP smartmon_smartctl_run SMART metric smartctl_run
# TYPE smartmon_smartctl_run gauge
smartmon_smartctl_run{disk="/dev/nvme0",type="nvme"} 1720264085
# HELP smartmon_temperature_celsius_raw_value SMART metric temperature_celsius_raw_value
# TYPE smartmon_temperature_celsius_raw_value gauge
smartmon_temperature_celsius_raw_value{disk="/dev/nvme0",type="nvme",smart_id="194"} 32
# HELP smartmon_unsafe_shutdowns_count_raw_value SMART metric unsafe_shutdowns_count_raw_value
# TYPE smartmon_unsafe_shutdowns_count_raw_value gauge
smartmon_unsafe_shutdowns_count_raw_value{disk="/dev/nvme0",type="nvme",smart_id="255"} 53
